"../../../AssignmentProject/Content/FirstPerson/Character/Textures/UE4_LOGO_CARD.uasset" 0
"../../../AssignmentProject/Content/FirstPerson/FPWeapon/Materials/MaterialLayers/ML_Plastic_Shiny_Beige_LOGO.uasset" 1
"../../../AssignmentProject/Content/FirstPerson/FPWeapon/Materials/MaterialLayers/T_ML_FineRubber.uasset" 2
"../../../AssignmentProject/Content/FirstPerson/FPWeapon/Mesh/SK_FPGun_PhysicsAsset.uasset" 3
"../../../AssignmentProject/Content/FirstPerson/Meshes/BaseMaterial.uasset" 4
"../../../AssignmentProject/Content/FirstPerson/Meshes/CubeMaterialOverride.uasset" 5
"../../../AssignmentProject/Content/FirstPerson/Textures/FirstPersonCrosshair.uasset" 6
"../../../AssignmentProject/Content/FirstPersonBP/Blueprints/FirstPersonHUD.uasset" 7
"../../../AssignmentProject/Content/Geometry/Meshes/CubeMaterial.uasset" 8
"../../../AssignmentProject/Content/Geometry/Meshes/1M_Cube_Chamfer.uasset" 9
"../../../AssignmentProject/Content/Geometry/Meshes/TemplateFloor.uasset" 10
"../../../AssignmentProject/Content/StarterContent/Materials/M_Basic_Wall.uasset" 11
"../../../AssignmentProject/Content/StarterContent/Architecture/Pillar_50x500.uasset" 12
"../../../AssignmentProject/Content/StarterContent/Architecture/Wall_400x300.uasset" 13
"../../../AssignmentProject/Content/StarterContent/Architecture/Wall_400x400.uasset" 14
"../../../AssignmentProject/Content/StarterContent/Architecture/Wall_500x500.uasset" 15
"../../../AssignmentProject/Content/StarterContent/Architecture/Wall_Door_400x400.uasset" 16
"../../../AssignmentProject/Content/StarterContent/Architecture/Wall_Window_400x400.uasset" 17
"../../../AssignmentProject/Content/StarterContent/Audio/Light01_Cue.uasset" 18
"../../../AssignmentProject/Content/StarterContent/Audio/Light02_Cue.uasset" 19
"../../../AssignmentProject/Content/StarterContent/Audio/Explosion_Cue.uasset" 20
"../../../AssignmentProject/Content/StarterContent/Textures/T_Burst_M.uasset" 21
"../../../AssignmentProject/Content/StarterContent/Particles/Materials/M_Burst.uasset" 22
"../../../AssignmentProject/Content/StarterContent/Textures/T_Explosion_SubUV.uasset" 23
"../../../AssignmentProject/Content/StarterContent/Particles/Materials/M_explosion_subUV.uasset" 24
"../../../AssignmentProject/Content/StarterContent/Particles/Materials/m_flare_01.uasset" 25
"../../../Engine/Content/Functions/Engine_MaterialFunctions01/Gradient/RadialGradient.uasset" 26
"../../../AssignmentProject/Content/StarterContent/Particles/Materials/M_radial_ramp.uasset" 27
"../../../AssignmentProject/Content/StarterContent/Textures/T_Smoke_SubUV.uasset" 28
"../../../AssignmentProject/Content/StarterContent/Textures/T_Smoke_Tiled_D.uasset" 29
"../../../AssignmentProject/Content/StarterContent/Particles/Materials/M_smoke_subUV.uasset" 30
"../../../AssignmentProject/Content/StarterContent/Particles/P_Explosion.uasset" 31
"../../../AssignmentProject/Content/StarterContent/Blueprints/Blueprint_Effect_Explosion.uasset" 32
"../../../Engine/Content/EditorMeshes/ColorCalibrator/T_ColorGrid.uasset" 33
"../../../AssignmentProject/Content/StarterContent/Materials/M_ColorGrid_LowSpec.uasset" 34
"../../../AssignmentProject/Content/StarterContent/Textures/T_Bush_D.uasset" 35
"../../../AssignmentProject/Content/StarterContent/Textures/T_Bush_N.uasset" 36
"../../../AssignmentProject/Content/StarterContent/Props/Materials/M_Bush.uasset" 37
"../../../AssignmentProject/Content/StarterContent/Props/SM_Bush.uasset" 38
"../../../AssignmentProject/Content/StarterContent/Props/Materials/M_MaterialSphere.uasset" 39
"../../../AssignmentProject/Content/StarterContent/Props/Materials/M_MaterialSphere_Plain.uasset" 40
"../../../AssignmentProject/Content/StarterContent/Props/SM_MatPreviewMesh_02.uasset" 41
"../../../Engine/Content/Functions/Engine_MaterialFunctions02/Utility/BlendAngleCorrectedNormals.uasset" 42
"../../../AssignmentProject/Content/StarterContent/Textures/T_Detail_Rocky_N.uasset" 43
"../../../AssignmentProject/Content/StarterContent/Textures/T_Rock_Basalt_D.uasset" 44
"../../../AssignmentProject/Content/StarterContent/Textures/T_RockMesh_M.uasset" 45
"../../../AssignmentProject/Content/StarterContent/Textures/T_RockMesh_N.uasset" 46
"../../../AssignmentProject/Content/StarterContent/Props/Materials/M_Rock.uasset" 47
"../../../AssignmentProject/Content/StarterContent/Props/SM_Rock.uasset" 48
"../../../AssignmentProject/Content/StarterContent/Textures/T_Shelf_M.uasset" 49
"../../../AssignmentProject/Content/StarterContent/Textures/T_Shelf_N.uasset" 50
"../../../AssignmentProject/Content/StarterContent/Props/Materials/M_Shelf.uasset" 51
"../../../AssignmentProject/Content/StarterContent/Props/SM_Shelf.uasset" 52
"../../../AssignmentProject/Content/StarterContent/Materials/M_Basic_Floor.uasset" 53
"../../../AssignmentProject/Content/StarterContent/Props/SM_Stairs.uasset" 54
"../../../AssignmentProject/Content/StarterContent/Shapes/Shape_Cone.uasset" 55
"../../../AssignmentProject/Content/StarterContent/Shapes/Shape_Cylinder.uasset" 56
"../../../AssignmentProject/Content/StarterContent/Shapes/Shape_NarrowCapsule.uasset" 57
"../../../AssignmentProject/Content/StarterContent/Shapes/Shape_Pipe.uasset" 58
"../../../AssignmentProject/Content/StarterContent/Shapes/Shape_Pipe_180.uasset" 59
"../../../AssignmentProject/Content/StarterContent/Shapes/Shape_Pipe_90.uasset" 60
"../../../AssignmentProject/Content/StarterContent/Shapes/Shape_Plane.uasset" 61
"../../../AssignmentProject/Content/StarterContent/Shapes/Shape_Torus.uasset" 62
"../../../AssignmentProject/Content/StarterContent/Shapes/Shape_Trim.uasset" 63
"../../../AssignmentProject/Content/StarterContent/Shapes/Shape_Trim_90_In.uasset" 64
"../../../AssignmentProject/Content/StarterContent/Shapes/Shape_Trim_90_Out.uasset" 65
"../../../AssignmentProject/Content/StarterContent/Shapes/Shape_TriPyramid.uasset" 66
"../../../AssignmentProject/Content/StarterContent/Shapes/Shape_Tube.uasset" 67
"../../../AssignmentProject/Content/StarterContent/Shapes/Shape_Wedge_A.uasset" 68
"../../../AssignmentProject/Content/StarterContent/Shapes/Shape_Wedge_B.uasset" 69
"../../../AssignmentProject/Content/StarterContent/Shapes/Shape_WideCapsule.uasset" 70
"../../../Engine/Content/Functions/Engine_MaterialFunctions01/Opacity/CameraDepthFade.uasset" 71
"../../../Engine/Content/EngineMaterials/T_Default_Material_Grid_M.uasset" 72
"../../../Engine/Content/EngineMaterials/T_Default_Material_Grid_N.uasset" 73
"../../../Engine/Content/EngineMaterials/DefaultMaterial.uasset" 74
"../../../Engine/Content/BasicShapes/Cone.uasset" 75
"../../../Engine/Content/EngineMaterials/WorldGridMaterial.uasset" 76
"../../../Engine/Content/BasicShapes/Plane.uasset" 77
"../../../Engine/Content/BasicShapes/Sphere.uasset" 78
"../../../Engine/Content/EditorLandscapeResources/DataLayer.uasset" 79
"../../../Engine/Content/EditorMaterials/GizmoMaterial.uasset" 80
"../../../Engine/Content/EditorMaterials/MAT_Groups_Toggle.uasset" 81
"../../../Engine/Content/EditorMaterials/MAT_Groups_Visibility.uasset" 82
"../../../Engine/Content/EditorMaterials/PreviewShadowIndicator.uasset" 83
"../../../Engine/Content/EditorMaterials/PreviewShadowIndicatorMaterial.uasset" 84
"../../../Engine/Content/EditorMaterials/AssetViewer/EpicQuadPanorama_CC+EV1.uasset" 85
"../../../Engine/Content/EditorMaterials/MatineeGroups/MAT_ColorTrack.uasset" 86
"../../../Engine/Content/EditorMaterials/MatineeGroups/MAT_Groups_Anim.uasset" 87
"../../../Engine/Content/EditorMaterials/MatineeGroups/MAT_Groups_AudioMaster.uasset" 88
"../../../Engine/Content/EditorMaterials/MatineeGroups/MAT_Groups_Director.uasset" 89
"../../../Engine/Content/EditorMaterials/MatineeGroups/MAT_Groups_Event.uasset" 90
"../../../Engine/Content/EditorMaterials/MatineeGroups/MAT_Groups_Fade.uasset" 91
"../../../Engine/Content/EditorMaterials/MatineeGroups/MAT_Groups_Float.uasset" 92
"../../../Engine/Content/EditorMaterials/MatineeGroups/MAT_Groups_Move.uasset" 93
"../../../Engine/Content/EditorMaterials/MatineeGroups/MAT_Groups_Slomo.uasset" 94
"../../../Engine/Content/EditorMaterials/MatineeGroups/MAT_Groups_Sound.uasset" 95
"../../../Engine/Content/EditorMaterials/MatineeGroups/MAT_Groups_Vector.uasset" 96
"../../../Engine/Content/EditorMaterials/ParticleSystems/PSysThumbnail_NoImage.uasset" 97
"../../../Engine/Content/EditorMaterials/ParticleSystems/PSysThumbnail_OOD.uasset" 98
"../../../Engine/Content/EditorMaterials/Camera/CineMat.uasset" 99
"../../../Engine/Content/EditorMaterials/Camera/MI_CineMat_Rig.uasset" 100
"../../../Engine/Content/EditorMeshes/Camera/SM_CraneRig_Arm.uasset" 101
"../../../Engine/Content/EditorMeshes/Camera/SM_CraneRig_Base.uasset" 102
"../../../Engine/Content/EditorMeshes/Camera/SM_CraneRig_Body.uasset" 103
"../../../Engine/Content/EditorMeshes/Camera/SM_CraneRig_Mount.uasset" 104
"../../../Engine/Content/EditorMeshes/Camera/SM_RailRig_Mount.uasset" 105
"../../../Engine/Content/EditorMeshes/Camera/SM_RailRig_Track.uasset" 106
"../../../Engine/Content/EditorResources/BSPVertex.uasset" 107
"../../../Engine/Content/EditorResources/EmptyActor.uasset" 108
"../../../Engine/Content/EditorResources/S_Actor.uasset" 109
"../../../Engine/Content/EditorResources/S_Trigger.uasset" 110
"../../../Engine/Content/EditorResources/AudioIcons/S_AudioComponent.uasset" 111
"../../../Engine/Content/EditorResources/AudioIcons/S_AudioComponent_AutoActivate.uasset" 112
"../../../Engine/Content/EditorResources/LightIcons/S_LightError.uasset" 113
"../../../Engine/Content/EditorResources/SequenceRecorder/Countdown.uasset" 114
"../../../Engine/Content/EditorResources/SequenceRecorder/RecordingIndicator.uasset" 115
"../../../Engine/Content/EditorSounds/Notifications/CompileFailed.uasset" 116
"../../../Engine/Content/EditorSounds/Notifications/CompileFailed_Cue.uasset" 117
"../../../Engine/Content/EditorSounds/Notifications/CompileSuccess.uasset" 118
"../../../Engine/Content/EditorSounds/Notifications/CompileStart_Cue.uasset" 119
"../../../Engine/Content/EditorSounds/Notifications/CompileSuccess_Cue.uasset" 120
"../../../Engine/Content/EngineDamageTypes/DmgTypeBP_Environmental.uasset" 121
"../../../Engine/Content/EngineDebugMaterials/HeatmapGradient.uasset" 122
"../../../Engine/Content/EngineDebugMaterials/BoneWeightMaterial.uasset" 123
"../../../Engine/Content/EngineDebugMaterials/ClothMaterial.uasset" 124
"../../../Engine/Content/EngineDebugMaterials/DebugMeshMaterial.uasset" 125
"../../../Engine/Content/EngineDebugMaterials/GeomMaterial.uasset" 126
"../../../Engine/Content/EngineFonts/Faces/RobotoBold.uasset" 127
"../../../Engine/Content/EngineFonts/Faces/RobotoBoldItalic.uasset" 128
"../../../Engine/Content/EngineFonts/Faces/RobotoItalic.uasset" 129
"../../../Engine/Content/EngineFonts/Faces/RobotoLight.uasset" 130
"../../../Engine/Content/EngineFonts/Faces/RobotoRegular.uasset" 131
"../../../Engine/Content/EngineFonts/Roboto.uasset" 132
"../../../Engine/Content/EngineFonts/Faces/RobotoTiny.uasset" 133
"../../../Engine/Content/EngineFonts/RobotoTiny.uasset" 134
"../../../Engine/Content/EngineMaterials/DefaultBloomKernel.uasset" 135
"../../../Engine/Content/EngineMaterials/DefaultBokeh.uasset" 136
"../../../Engine/Content/EngineMaterials/DefaultDiffuse.uasset" 137
"../../../Engine/Content/EngineMaterials/DefaultDeferredDecalMaterial.uasset" 138
"../../../Engine/Content/EngineMaterials/DefaultLightFunctionMaterial.uasset" 139
"../../../Engine/Content/EngineMaterials/DefaultPhysicalMaterial.uasset" 140
"../../../Engine/Content/Functions/Engine_MaterialFunctions02/Utility/BreakOutFloat2Components.uasset" 141
"../../../Engine/Content/EngineMaterials/DefaultPostProcessMaterial.uasset" 142
"../../../Engine/Content/EngineFonts/RobotoDistanceField.uasset" 143
"../../../Engine/Content/EngineMaterials/DefaultTextMaterialOpaque.uasset" 144
"../../../Engine/Content/EngineMaterials/DefaultWhiteGrid.uasset" 145
"../../../Engine/Content/EngineMaterials/EditorBrushMaterial.uasset" 146
"../../../Engine/Content/EngineMaterials/Good64x64TilingNoiseHighFreq.uasset" 147
"../../../Engine/Content/EngineMaterials/MiniFont.uasset" 148
"../../../Engine/Content/EngineMaterials/InvalidLightmapSettings.uasset" 149
"../../../Engine/Content/EngineMaterials/M_InvalidLightmapSettings.uasset" 150
"../../../Engine/Content/EngineMaterials/PhAT_JointLimitMaterial.uasset" 151
"../../../Engine/Content/EngineMaterials/PreintegratedSkinBRDF.uasset" 152
"../../../Engine/Content/EngineMaterials/RemoveSurfaceMaterial.uasset" 153
"../../../Engine/Content/EngineMaterials/WeightMapPlaceholderTexture.uasset" 154
"../../../Engine/Content/EngineResources/WhiteSquareTexture.uasset" 155
"../../../Engine/Content/EngineMaterials/Widget3DPassThrough.uasset" 156
"../../../Engine/Content/EngineMaterials/Widget3DPassThrough_Masked.uasset" 157
"../../../Engine/Content/EngineMaterials/Widget3DPassThrough_Opaque.uasset" 158
"../../../Engine/Content/EngineMaterials/Widget3DPassThrough_Masked_OneSided.uasset" 159
"../../../Engine/Content/EngineMaterials/Widget3DPassThrough_Opaque_OneSided.uasset" 160
"../../../Engine/Content/EngineMaterials/Widget3DPassThrough_Translucent.uasset" 161
"../../../Engine/Content/EngineMaterials/Widget3DPassThrough_Translucent_OneSided.uasset" 162
"../../../Engine/Content/EngineMeshes/Cube.uasset" 163
"../../../Engine/Content/EngineMeshes/Cylinder.uasset" 164
"../../../Engine/Content/EngineMeshes/Sphere.uasset" 165
"../../../Engine/Content/EngineResources/Black.uasset" 166
"../../../Engine/Content/EngineResources/DefaultTexture.uasset" 167
"../../../Engine/Content/EngineResources/DefaultTextureCube.uasset" 168
"../../../Engine/Content/EngineResources/GradientTexture0.uasset" 169
"../../../Engine/Content/EngineSounds/Master.uasset" 170
"../../../Engine/Content/Functions/Engine_MaterialFunctions01/Shading/ConvertFromDiffSpec.uasset" 171
"../../../Engine/Content/Functions/Engine_MaterialFunctions01/Shading/PowerToRoughness.uasset" 172
"../../../Engine/Content/Maps/Templates/Thumbnails/Default.uasset" 173
"../../../Engine/Content/Maps/Templates/Thumbnails/VR-Basic.uasset" 174
"../../../Engine/Content/MobileResources/T_MobileControls_texture.uasset" 175
"../../../Engine/Content/MobileResources/T_MobileMenu2.uasset" 176
"../../../Engine/Content/MobileResources/HUD/AnalogHat.uasset" 177
"../../../Engine/Content/MobileResources/HUD/VirtualJoystick_Background.uasset" 178
"../../../Engine/Content/MobileResources/HUD/VirtualJoystick_Thumb.uasset" 179
"../../../Engine/Content/MobileResources/HUD/DefaultVirtualJoysticks.uasset" 180
"../../../Engine/Content/MobileResources/HUD/LeftVirtualJoystickOnly.uasset" 181
"../../../Engine/Content/MobileResources/HUD/MobileHUDButton1_off.uasset" 182
"../../../Engine/Content/MobileResources/HUD/MobileHUDButton1_on.uasset" 183
"../../../Engine/Content/MobileResources/HUD/MobileHUDButton2_off.uasset" 184
"../../../Engine/Content/MobileResources/HUD/MobileHUDButton2_on.uasset" 185
"../../../Engine/Content/MobileResources/HUD/MobileHUDButton3.uasset" 186
"../../../Engine/Content/MobileResources/HUD/MobileHUDButtonFire.uasset" 187
"../../../Engine/Content/MobileResources/HUD/MobileHUDDirectionPad.uasset" 188
"../../../Engine/Content/MobileResources/HUD/MobileHUDDirectionPad2.uasset" 189
"../../../Engine/Content/MobileResources/HUD/MobileHUDDirectionPad3.uasset" 190
"../../../Engine/Content/MobileResources/HUD/MobileHUDDirectionStick.uasset" 191
"../../../Engine/Content/MobileResources/HUD/T_Castle_ThumbstickInner.uasset" 192
"../../../Engine/Content/MobileResources/HUD/T_Castle_ThumbstickOutter.uasset" 193
"../../../Engine/Content/Tutorial/ContentIntroCurve.uasset" 194
"../../../Engine/Content/Tutorial/Basics/TutorialAssets/icon_tab_Levels_40x.uasset" 195
"../../../Engine/Content/Tutorial/BlueprintTutorials/TutorialAssets/BlueprintInterface_64x.uasset" 196
"../../../Engine/Content/Tutorial/BlueprintTutorials/TutorialAssets/BlueprintMacroLibrary_64x.uasset" 197
"../../../Engine/Content/Tutorial/BlueprintTutorials/TutorialAssets/Blueprint_64x.uasset" 198
"../../../Engine/Content/Tutorial/BlueprintTutorials/TutorialAssets/Tutorial_BP_Interface.uasset" 199
"../../../Engine/Content/Tutorial/Foliage/TutorialAssets/Foliage.uasset" 200
"../../../Engine/Content/Tutorial/Landscape/TutorialAssets/Landscape.uasset" 201
"../../../Engine/Content/Tutorial/Paper2D/TutorialAssets/Paper2DFlipbook_TutorialIcon.uasset" 202
"../../../Engine/Content/Tutorial/Paper2D/TutorialAssets/Paper2DSprite_TutorialIcon.uasset" 203
"../../../Engine/Content/Tutorial/SubEditors/TutorialAssets/icon_Editor_Preferences_General_40x.uasset" 204
"../../../Engine/Content/Tutorial/SubEditors/TutorialAssets/icon_ShowSkeletalMeshes_40x.uasset" 205
"../../../Engine/Content/Tutorial/SubEditors/TutorialAssets/TutorialMaterial.uasset" 206
"../../../Engine/Content/Tutorial/SubEditors/TutorialAssets/T_SmokeSubUV_8X8.uasset" 207
"../../../Engine/Content/Tutorial/SubEditors/TutorialAssets/T_soft_smoke.uasset" 208
"../../../Engine/Content/Tutorial/SubEditors/TutorialAssets/M_smoke_subUV_blackbody.uasset" 209
"../../../Engine/Content/Tutorial/SubEditors/TutorialAssets/TutorialParticleSystem.uasset" 210
"../../../Engine/Content/EditorMeshes/EditorCube.uasset" 211
"../../../Engine/Content/Tutorial/SubEditors/TutorialAssets/Tutorial_DM.uasset" 212
"../../../Engine/Content/VREditor/Devices/Generic/GenericHMDMaterial.uasset" 213
"../../../Engine/Content/VREditor/Devices/Generic/GenericHMD.uasset" 214
"../../../Engine/Content/VREditor/FloatingText/LineMaterial.uasset" 215
"../../../Engine/Content/VREditor/FloatingText/JointSphere.uasset" 216
"../../../Engine/Content/VREditor/FloatingText/LineSegmentCylinder.uasset" 217
"../../../Engine/Content/VREditor/Fonts/VRText_RobotoLarge.uasset" 218
"../../../Engine/Content/VREditor/Fonts/VRTextMaterial.uasset" 219
"../../../Engine/Content/VREditor/Fonts/TranslucentVRTextMaterial.uasset" 220
"../../../Engine/Content/VREditor/LaserPointer/VR_LaserPower_01.uasset" 221
"../../../Engine/Content/VREditor/TransformGizmo/TransformGizmoMaterial.uasset" 222
"../../../Engine/Content/VREditor/LaserPointer/HoverMaterial.uasset" 223
"../../../Engine/Content/VREditor/TransformGizmo/TranslucentTransformGizmoMaterial.uasset" 224
"../../../Engine/Content/VREditor/LaserPointer/TranslucentHoverMaterial.uasset" 225
"../../../Engine/Content/VREditor/LaserPointer/HoverMesh.uasset" 226
"../../../Engine/Content/VREditor/LaserPointer/LaserPointerMaterial.uasset" 227
"../../../Engine/Content/VREditor/LaserPointer/LaserPointerMaterialInst.uasset" 228
"../../../Engine/Content/VREditor/LaserPointer/TranslucentLaserPointerMaterialInst.uasset" 229
"../../../Engine/Content/VREditor/LaserPointer/LaserPointerMesh.uasset" 230
"../../../Engine/Content/VREditor/LaserPointer/LaserPointerMesh_End.uasset" 231
"../../../Engine/Content/VREditor/LaserPointer/LaserPointerMesh_Start.uasset" 232
"../../../Engine/Content/Functions/Engine_MaterialFunctions02/Utility/BreakOutFloat3Components.uasset" 233
"../../../Engine/Content/Functions/Engine_MaterialFunctions02/Math/Transform3x3Matrix.uasset" 234
"../../../Engine/Content/Functions/Engine_MaterialFunctions02/SplitComponents.uasset" 235
"../../../Engine/Content/Functions/Engine_MaterialFunctions02/Utility/MakeFloat3.uasset" 236
"../../../Engine/Content/VREditor/SnapGrid/SnapGridMaterial.uasset" 237
"../../../Engine/Content/VREditor/SnapGrid/SnapGridPlaneMesh.uasset" 238
"../../../Engine/Content/VREditor/Sounds/VR_teleport_Cue.uasset" 239
"../../../Engine/Content/VREditor/Sounds/UI/Click_on_Button_Cue.uasset" 240
"../../../Engine/Content/VREditor/Sounds/UI/Dockable_Window_Close.uasset" 241
"../../../Engine/Content/VREditor/Sounds/UI/Dockable_Window_Drop.uasset" 242
"../../../Engine/Content/VREditor/Sounds/UI/Dockable_Window_Open.uasset" 243
"../../../Engine/Content/VREditor/Sounds/UI/Dockable_Window_Pick_Up.uasset" 244
"../../../Engine/Content/VREditor/Sounds/UI/Drop_Item_From_ContentBrowser.uasset" 245
"../../../Engine/Content/VREditor/Sounds/UI/Floating_UI_Open-001.uasset" 246
"../../../Engine/Content/VREditor/Sounds/UI/Gizmo_Handle_Clicked.uasset" 247
"../../../Engine/Content/VREditor/Sounds/UI/Object_PickUp.uasset" 248
"../../../Engine/Content/VREditor/Sounds/UI/Object_Snaps_To_Another_Actor.uasset" 249
"../../../Engine/Content/VREditor/Sounds/UI/Object_Snaps_To_Grid.uasset" 250
"../../../Engine/Content/VREditor/Sounds/UI/Radial_Menu_FadeOut.uasset" 251
"../../../Engine/Content/VREditor/Sounds/UI/Scaling_Down.uasset" 252
"../../../Engine/Content/VREditor/Sounds/UI/Scaling_Up.uasset" 253
"../../../Engine/Content/VREditor/Sounds/UI/Selection_Changes.uasset" 254
"../../../Engine/Content/VREditor/Sounds/UI/Teleport_Mode_Entered.uasset" 255
"../../../Engine/Content/VREditor/Teleport/TeleportDirectionMaterial.uasset" 256
"../../../Engine/Content/VREditor/Teleport/TeleportDirectionMaterial_Inst.uasset" 257
"../../../Engine/Content/VREditor/Teleport/TeleportDirectionMesh.uasset" 258
"../../../Engine/Content/VREditor/TransformGizmo/BoundingBoxCorner.uasset" 259
"../../../Engine/Content/VREditor/TransformGizmo/BoundingBoxEdge.uasset" 260
"../../../Engine/Content/VREditor/TransformGizmo/PlaneTranslationHandle.uasset" 261
"../../../Engine/Content/VREditor/TransformGizmo/RotationHandle.uasset" 262
"../../../Engine/Content/VREditor/TransformGizmo/RotationHandleFull.uasset" 263
"../../../Engine/Content/VREditor/TransformGizmo/RotationHandleIndicator.uasset" 264
"../../../Engine/Content/VREditor/TransformGizmo/RotationHandleQuarter.uasset" 265
"../../../Engine/Content/VREditor/TransformGizmo/Main.uasset" 266
"../../../Engine/Content/VREditor/TransformGizmo/Xray.uasset" 267
"../../../Engine/Content/VREditor/TransformGizmo/SM_Dialog_Close.uasset" 268
"../../../Engine/Content/VREditor/TransformGizmo/SM_Dialog_Move.uasset" 269
"../../../Engine/Content/VREditor/TransformGizmo/SM_Sequencer_Key.uasset" 270
"../../../Engine/Content/VREditor/TransformGizmo/StartRotationHandleIndicator.uasset" 271
"../../../Engine/Content/VREditor/TransformGizmo/TransformGizmoMaterial_Inst.uasset" 272
"../../../Engine/Content/VREditor/TransformGizmo/TranslateArrowHandle.uasset" 273
"../../../Engine/Content/VREditor/TransformGizmo/TranslationHandle.uasset" 274
"../../../Engine/Content/VREditor/TransformGizmo/TranslucentTransformGizmoMaterial_Inst.uasset" 275
"../../../Engine/Content/VREditor/TransformGizmo/UniformScaleHandle.uasset" 276
"../../../Engine/Content/VREditor/UI/KeyDiskMaterial.uasset" 277
"../../../Engine/Content/VREditor/UI/DiscMaterial.uasset" 278
"../../../Engine/Content/VREditor/UI/SM_Radial_Disk.uasset" 279
"../../../Engine/Content/VREditor/WorldMovementGrid/SimpleGrid.uasset" 280
"../../../Engine/Content/VREditor/WorldMovementGrid/GridMaterial.uasset" 281
"../../../Engine/Content/Functions/Engine_MaterialFunctions01/Density/ExponentialDensity.uasset" 282
"../../../Engine/Content/VREditor/WorldMovementGrid/GridPostProcess.uasset" 283
"../../../Engine/Content/EditorLandscapeResources/FlattenHeightMat.uasset" 284
"../../../Engine/Content/VREditor/WorldMovementGrid/PlaneMesh.uasset" 285
"../../../Engine/Plugins/2D/Paper2D/Content/DummySprite.uasset" 286
"../../../Engine/Plugins/2D/Paper2D/Content/DefaultPaperTerrainMaterial.uasset" 287
"../../../Engine/Plugins/2D/Paper2D/Content/DefaultSpriteMaterial.uasset" 288
"../../../Engine/Plugins/2D/Paper2D/Content/MaskedUnlitSpriteMaterial.uasset" 289
"../../../Engine/Plugins/2D/Paper2D/Content/OpaqueUnlitSpriteMaterial.uasset" 290
"../../../Engine/Plugins/2D/Paper2D/Content/PlaceholderTextures/DummySpriteTexture.uasset" 291
"../../../Engine/Plugins/Runtime/GearVR/Content/Textures/GearVRController_AO.uasset" 292
"../../../Engine/Plugins/Runtime/GearVR/Content/Textures/GearVRController_Color.uasset" 293
"../../../Engine/Plugins/Runtime/GearVR/Content/Textures/GearVRController_Normal.uasset" 294
"../../../Engine/Plugins/Runtime/GearVR/Content/Materials/GearVRControllerMaterial.uasset" 295
"../../../Engine/Plugins/Runtime/GearVR/Content/Meshes/GearVrController.uasset" 296
"../../../AssignmentProject/Content/FirstPerson/Character/Mesh/SK_Mannequin_Arms_Skeleton.uasset" 297
"../../../AssignmentProject/Content/FirstPerson/Animations/FirstPerson_Idle.uasset" 298
"../../../AssignmentProject/Content/FirstPerson/Animations/FirstPerson_JumpEnd.uasset" 299
"../../../AssignmentProject/Content/FirstPerson/Animations/FirstPerson_JumpLoop.uasset" 300
"../../../AssignmentProject/Content/FirstPerson/Animations/FirstPerson_JumpStart.uasset" 301
"../../../AssignmentProject/Content/FirstPerson/Animations/FirstPerson_Run.uasset" 302
"../../../Engine/Content/EditorBlueprintResources/StandardMacros.uasset" 303
"../../../AssignmentProject/Content/FirstPerson/Animations/FirstPerson_AnimBP.uasset" 304
"../../../AssignmentProject/Content/FirstPerson/Animations/FirstPerson_Fire.uasset" 305
"../../../AssignmentProject/Content/FirstPerson/Animations/FirstPersonFire_Montage.uasset" 306
"../../../AssignmentProject/Content/FirstPersonBP/Blueprints/HUD.uasset" 307
"../../../AssignmentProject/Content/FirstPersonBP/Blueprints/GameHUD.uasset" 308
"../../../AssignmentProject/Content/FirstPerson/Textures/RedBGOverlay.uasset" 309
"../../../AssignmentProject/Content/FirstPerson/Textures/RETURN_TO_MENU.uasset" 310
"../../../AssignmentProject/Content/FirstPersonBP/Blueprints/TimeUp.uasset" 311
"../../../AssignmentProject/Content/FirstPersonBP/Blueprints/FirstPersonGameMode.uasset" 312
"../../../AssignmentProject/Content/FirstPerson/Meshes/FirstPersonProjectileMaterial.uasset" 313
"../../../AssignmentProject/Content/FirstPerson/Meshes/FirstPersonProjectileMesh.uasset" 314
"../../../AssignmentProject/Content/FirstPersonBP/Blueprints/FirstPersonProjectile.uasset" 315
"../../../AssignmentProject/Content/FirstPerson/Audio/FirstPersonTemplateWeaponFire02.uasset" 316
"../../../Engine/Content/Functions/MaterialLayerFunctions/MatLayerBlend_NormalBlend.uasset" 317
"../../../Engine/Content/Functions/MaterialLayerFunctions/MatLayerBlend_Simple.uasset" 318
"../../../AssignmentProject/Content/FirstPerson/Character/Materials/MaterialLayers/T_ML_Rubber_Blue_01_D.uasset" 319
"../../../AssignmentProject/Content/FirstPerson/Character/Materials/MaterialLayers/T_ML_Rubber_Blue_01_N.uasset" 320
"../../../AssignmentProject/Content/FirstPerson/Character/Materials/MaterialLayers/ML_GlossyBlack_Latex_UE4.uasset" 321
"../../../AssignmentProject/Content/FirstPerson/Character/Materials/MaterialLayers/ML_Plastic_Shiny_Beige.uasset" 322
"../../../AssignmentProject/Content/FirstPerson/Character/Materials/MaterialLayers/ML_Plastic_Shiny_Beige_LOGO.uasset" 323
"../../../AssignmentProject/Content/FirstPerson/Character/Materials/MaterialLayers/T_ML_Aluminum01.uasset" 324
"../../../AssignmentProject/Content/FirstPerson/Character/Materials/MaterialLayers/T_ML_Aluminum01_N.uasset" 325
"../../../AssignmentProject/Content/FirstPerson/Character/Materials/MaterialLayers/ML_SoftMetal_UE4.uasset" 326
"../../../AssignmentProject/Content/FirstPerson/Character/Textures/UE4_Mannequin__normals.uasset" 327
"../../../AssignmentProject/Content/FirstPerson/Character/Textures/UE4_Mannequin_MAT_MASKA.uasset" 328
"../../../AssignmentProject/Content/FirstPerson/Character/Materials/M_UE4Man_Body.uasset" 329
"../../../AssignmentProject/Content/FirstPerson/Character/Mesh/SK_Mannequin_Arms_PhysicsAsset.uasset" 330
"../../../AssignmentProject/Content/FirstPerson/Character/Mesh/SK_Mannequin_Arms.uasset" 331
"../../../AssignmentProject/Content/FirstPerson/FPWeapon/Materials/MaterialLayers/T_ML_Rubber_Blue_01_D.uasset" 332
"../../../AssignmentProject/Content/FirstPerson/FPWeapon/Materials/MaterialLayers/T_ML_Rubber_Blue_01_N.uasset" 333
"../../../AssignmentProject/Content/FirstPerson/FPWeapon/Materials/MaterialLayers/ML_GlossyBlack_Latex_UE4.uasset" 334
"../../../AssignmentProject/Content/FirstPerson/FPWeapon/Materials/MaterialLayers/ML_Plastic_Shiny_Beige.uasset" 335
"../../../AssignmentProject/Content/FirstPerson/FPWeapon/Materials/MaterialLayers/ML_Screen.uasset" 336
"../../../AssignmentProject/Content/FirstPerson/FPWeapon/Materials/MaterialLayers/T_ML_Aluminum01.uasset" 337
"../../../AssignmentProject/Content/FirstPerson/FPWeapon/Materials/MaterialLayers/T_ML_Aluminum01_N.uasset" 338
"../../../AssignmentProject/Content/FirstPerson/FPWeapon/Materials/MaterialLayers/ML_SoftMetal_UE4.uasset" 339
"../../../AssignmentProject/Content/FirstPerson/FPWeapon/Textures/T_FPGun_M.uasset" 340
"../../../AssignmentProject/Content/FirstPerson/FPWeapon/Textures/T_FPGun_N.uasset" 341
"../../../AssignmentProject/Content/FirstPerson/FPWeapon/Materials/M_FPGun.uasset" 342
"../../../AssignmentProject/Content/FirstPerson/FPWeapon/Mesh/SK_FPGun_Skeleton.uasset" 343
"../../../AssignmentProject/Content/FirstPerson/FPWeapon/Mesh/SK_FPGun.uasset" 344
"../../../AssignmentProject/Content/FirstPersonBP/Blueprints/PauseMenu.uasset" 345
"../../../AssignmentProject/Content/FirstPersonBP/Blueprints/FirstPersonCharacter.uasset" 346
"../../../Engine/Content/EngineSky/C_Sky_Cloud_Color.uasset" 347
"../../../Engine/Content/EngineSky/C_Sky_Horizon_Color.uasset" 348
"../../../Engine/Content/EngineSky/C_Sky_Zenith_Color.uasset" 349
"../../../Engine/Content/EngineSky/T_Sky_Blue.uasset" 350
"../../../Engine/Content/EngineSky/T_Sky_Clouds_M.uasset" 351
"../../../Engine/Content/EngineSky/T_Sky_Stars.uasset" 352
"../../../Engine/Content/EngineSky/M_Sky_Panning_Clouds2.uasset" 353
"../../../Engine/Content/EngineSky/SM_SkySphere.uasset" 354
"../../../Engine/Content/EngineSky/BP_Sky_Sphere.uasset" 355
"../../../AssignmentProject/Content/FirstPersonBP/Blueprints/Checkpoints.uasset" 356
"../../../AssignmentProject/Content/FirstPerson/Textures/MainBGOverlay.uasset" 357
"../../../AssignmentProject/Content/FirstPersonBP/Blueprints/LevelComplete.uasset" 358
"../../../AssignmentProject/Content/StarterContent/Textures/T_Frame_M.uasset" 359
"../../../AssignmentProject/Content/StarterContent/Textures/T_Frame_N.uasset" 360
"../../../AssignmentProject/Content/StarterContent/Props/Materials/M_Frame.uasset" 361
"../../../AssignmentProject/Content/StarterContent/Props/SM_DoorFrame.uasset" 362
"../../../AssignmentProject/Content/FirstPersonBP/Blueprints/LevelComplete1.uasset" 363
"../../../AssignmentProject/Content/FirstPersonBP/Maps/LevelOne_BuiltData.uasset" 364
"../../../Engine/Content/BasicShapes/BasicShapeMaterial.uasset" 365
"../../../AssignmentProject/Content/StarterContent/Textures/T_Brick_Clay_Beveled_D.uasset" 366
"../../../AssignmentProject/Content/StarterContent/Textures/T_Brick_Clay_Beveled_M.uasset" 367
"../../../AssignmentProject/Content/StarterContent/Textures/T_Brick_Clay_Beveled_N.uasset" 368
"../../../AssignmentProject/Content/StarterContent/Textures/T_MacroVariation.uasset" 369
"../../../AssignmentProject/Content/StarterContent/Materials/M_Brick_Clay_Beveled.uasset" 370
"../../../AssignmentProject/Content/StarterContent/Textures/T_Brick_Clay_New_D.uasset" 371
"../../../AssignmentProject/Content/StarterContent/Textures/T_Brick_Clay_New_M.uasset" 372
"../../../AssignmentProject/Content/StarterContent/Textures/T_Brick_Clay_New_N.uasset" 373
"../../../AssignmentProject/Content/StarterContent/Materials/M_Brick_Clay_New.uasset" 374
"../../../AssignmentProject/Content/StarterContent/Materials/M_Metal_Chrome.uasset" 375
"../../../AssignmentProject/Content/StarterContent/Textures/T_Checker_Noise_M.uasset" 376
"../../../AssignmentProject/Content/StarterContent/Textures/T_Single_Tile_N.uasset" 377
"../../../AssignmentProject/Content/StarterContent/Textures/T_Tech_Dot_M.uasset" 378
"../../../AssignmentProject/Content/StarterContent/Textures/T_Tech_Dot_N.uasset" 379
"../../../AssignmentProject/Content/StarterContent/Materials/M_Tech_Checker_Dot.uasset" 380
"../../../AssignmentProject/Content/StarterContent/Textures/T_Tech_Hex_Tile_M.uasset" 381
"../../../AssignmentProject/Content/StarterContent/Textures/T_Tech_Hex_Tile_N.uasset" 382
"../../../AssignmentProject/Content/StarterContent/Materials/M_Tech_Hex_Tile.uasset" 383
"../../../AssignmentProject/Content/StarterContent/Materials/M_Tech_Hex_Tile_Pulse.uasset" 384
"../../../AssignmentProject/Content/StarterContent/Textures/T_Metal_Steel_D.uasset" 385
"../../../AssignmentProject/Content/StarterContent/Textures/T_Tech_Panel_M.uasset" 386
"../../../AssignmentProject/Content/StarterContent/Textures/T_Tech_Panel_N.uasset" 387
"../../../AssignmentProject/Content/StarterContent/Materials/M_Tech_Panel.uasset" 388
"../../../AssignmentProject/Content/StarterContent/Textures/T_Fire_Tiled_D.uasset" 389
"../../../AssignmentProject/Content/StarterContent/Textures/T_Fire_Tiled_Mat.uasset" 390
"../../../Engine/Content/BasicShapes/Cube.uasset" 391
"../../../Engine/Content/BasicShapes/Cylinder.uasset" 392
"../../../AssignmentProject/Content/FirstPerson/Audio/Ding_-_Sound_Effects_YouTube.uasset" 393
"../../../AssignmentProject/Content/FirstPerson/Audio/door_creak_closing.uasset" 394
"../../../AssignmentProject/Content/FirstPerson/Audio/door_opening.uasset" 395
"../../../AssignmentProject/Content/FirstPerson/Audio/Puzzle-Game_Looping.uasset" 396
"../../../AssignmentProject/Content/FirstPerson/Audio/Wrong_Buzzer.uasset" 397
"../../../AssignmentProject/Content/Geometry/Meshes/1M_Cube.uasset" 398
"../../../AssignmentProject/Content/StarterContent/Architecture/Wall_Door_400x300.uasset" 399
"../../../AssignmentProject/Content/StarterContent/Textures/T_Fire_SubUV.uasset" 400
"../../../AssignmentProject/Content/StarterContent/Particles/Materials/M_Fire_SubUV.uasset" 401
"../../../AssignmentProject/Content/StarterContent/Textures/T_Water_N.uasset" 402
"../../../AssignmentProject/Content/StarterContent/Particles/Materials/M_Heat_Distortion.uasset" 403
"../../../AssignmentProject/Content/StarterContent/Particles/Materials/M_Radial_Gradient.uasset" 404
"../../../AssignmentProject/Content/StarterContent/Particles/P_Fire.uasset" 405
"../../../AssignmentProject/Content/StarterContent/Textures/T_Chair_M.uasset" 406
"../../../AssignmentProject/Content/StarterContent/Textures/T_Chair_N.uasset" 407
"../../../AssignmentProject/Content/StarterContent/Props/Materials/M_Chair.uasset" 408
"../../../AssignmentProject/Content/StarterContent/Props/SM_Couch.uasset" 409
"../../../AssignmentProject/Content/StarterContent/Materials/M_Glass.uasset" 410
"../../../AssignmentProject/Content/StarterContent/Textures/T_Door_M.uasset" 411
"../../../AssignmentProject/Content/StarterContent/Textures/T_Door_N.uasset" 412
"../../../AssignmentProject/Content/StarterContent/Props/Materials/M_Door.uasset" 413
"../../../AssignmentProject/Content/StarterContent/Props/SM_Door.uasset" 414
"../../../AssignmentProject/Content/StarterContent/Props/SM_PillarFrame300.uasset" 415
"../../../AssignmentProject/Content/StarterContent/Textures/T_Statue_M.uasset" 416
"../../../AssignmentProject/Content/StarterContent/Textures/T_Statue_N.uasset" 417
"../../../AssignmentProject/Content/StarterContent/Props/Materials/M_Statue.uasset" 418
"../../../AssignmentProject/Content/StarterContent/Props/Materials/M_StatueGlass.uasset" 419
"../../../AssignmentProject/Content/StarterContent/Props/SM_Statue.uasset" 420
"../../../AssignmentProject/Content/StarterContent/Textures/T_TableRound_M.uasset" 421
"../../../AssignmentProject/Content/StarterContent/Textures/T_TableRound_N.uasset" 422
"../../../AssignmentProject/Content/StarterContent/Props/Materials/M_TableRound.uasset" 423
"../../../AssignmentProject/Content/StarterContent/Props/SM_TableRound.uasset" 424
"../../../AssignmentProject/Content/FirstPersonBP/Maps/LevelOne.umap" 425
"../../../AssignmentProject/Content/FirstPerson/Audio/Game-Menu_Looping.uasset" 426
"../../../AssignmentProject/Content/FirstPerson/Textures/ExitGameBtn.uasset" 427
"../../../AssignmentProject/Content/FirstPerson/Textures/GetStartedBtn.uasset" 428
"../../../AssignmentProject/Content/FirstPerson/Textures/Level1.uasset" 429
"../../../AssignmentProject/Content/FirstPerson/Textures/LevelSelectBtn.uasset" 430
"../../../AssignmentProject/Content/FirstPerson/Textures/MainMenuCropped.uasset" 431
"../../../AssignmentProject/Content/FirstPerson/Textures/ReturnBtn.uasset" 432
"../../../AssignmentProject/Content/FirstPersonBP/Blueprints/MainMenu.uasset" 433
"../../../AssignmentProject/Content/FirstPersonBP/Maps/MainMenuLevel.umap" 434
"../../../AssignmentProject/Content/StarterContent/Blueprints/Assets/FogBrightnessLUT.uasset" 435
"../../../AssignmentProject/Content/StarterContent/Blueprints/Assets/SunlightColorLUT.uasset" 436
"../../../AssignmentProject/Content/StarterContent/Blueprints/Assets/M_LightStage_Arrows.uasset" 437
"../../../Engine/Content/MapTemplates/Sky/DaylightAmbientCubemap.uasset" 438
"../../../AssignmentProject/Content/StarterContent/Blueprints/Assets/M_LightStage_Skybox_Master.uasset" 439
"../../../AssignmentProject/Content/StarterContent/Blueprints/Assets/M_LightStage_Skybox_Black.uasset" 440
"../../../AssignmentProject/Content/StarterContent/Blueprints/Assets/M_LightStage_Skybox_HDRI.uasset" 441
"../../../Engine/Content/EditorMaterials/Thumbnails/SkySphereMaterial.uasset" 442
"../../../AssignmentProject/Content/StarterContent/Blueprints/Assets/Skybox.uasset" 443
"../../../AssignmentProject/Content/StarterContent/Blueprints/Assets/SM_Arrows.uasset" 444
"../../../AssignmentProject/Content/StarterContent/HDRI/HDRI_Epic_Courtyard_Daylight.uasset" 445
"../../../AssignmentProject/Content/StarterContent/Blueprints/BP_LightStudio.uasset" 446
"../../../AssignmentProject/Content/StarterContent/Maps/Advanced_Lighting_BuiltData.uasset" 447
"../../../AssignmentProject/Content/StarterContent/Materials/M_AssetPlatform.uasset" 448
"../../../Engine/Content/EditorMeshes/ColorCalibrator/M_ChromeBall.uasset" 449
"../../../Engine/Content/EditorMeshes/ColorCalibrator/M_ClearCoat.uasset" 450
"../../../Engine/Content/EditorMeshes/ColorCalibrator/M_ClearCoatBlack.uasset" 451
"../../../Engine/Content/EditorMeshes/ColorCalibrator/M_ColorGrid.uasset" 452
"../../../Engine/Content/EditorMeshes/ColorCalibrator/M_GreyBall.uasset" 453
"../../../Engine/Content/EditorMeshes/ColorCalibrator/SM_ColorCalibrator.uasset" 454
"../../../AssignmentProject/Content/StarterContent/Architecture/SM_AssetPlatform.uasset" 455
"../../../AssignmentProject/Content/StarterContent/Maps/Advanced_Lighting.umap" 456
"../../../AssignmentProject/Content/StarterContent/Maps/Minimal_Default_BuiltData.uasset" 457
"../../../AssignmentProject/Content/StarterContent/Materials/M_Metal_Brushed_Nickel.uasset" 458
"../../../AssignmentProject/Content/StarterContent/Textures/T_Metal_Aluminum_D.uasset" 459
"../../../AssignmentProject/Content/StarterContent/Textures/T_Metal_Gold_N.uasset" 460
"../../../AssignmentProject/Content/StarterContent/Materials/M_Metal_Burnished_Steel.uasset" 461
"../../../AssignmentProject/Content/StarterContent/Textures/T_Metal_Copper_D.uasset" 462
"../../../AssignmentProject/Content/StarterContent/Materials/M_Metal_Copper.uasset" 463
"../../../AssignmentProject/Content/StarterContent/Architecture/Floor_400x400.uasset" 464
"../../../AssignmentProject/Content/StarterContent/Audio/Starter_Background_Cue.uasset" 465
"../../../AssignmentProject/Content/StarterContent/Props/SM_Chair.uasset" 466
"../../../AssignmentProject/Content/StarterContent/Maps/Minimal_Default.umap" 467
"../../../AssignmentProject/Content/StarterContent/Audio/Fire01_Cue.uasset" 468
"../../../AssignmentProject/Content/StarterContent/Blueprints/Blueprint_Effect_Fire.uasset" 469
"../../../AssignmentProject/Content/StarterContent/Audio/Smoke01_Cue.uasset" 470
"../../../AssignmentProject/Content/StarterContent/Particles/P_Smoke.uasset" 471
"../../../AssignmentProject/Content/StarterContent/Blueprints/Blueprint_Effect_Smoke.uasset" 472
"../../../AssignmentProject/Content/StarterContent/Audio/Fire_Sparks01_Cue.uasset" 473
"../../../AssignmentProject/Content/StarterContent/Textures/T_Spark_Core.uasset" 474
"../../../AssignmentProject/Content/StarterContent/Particles/Materials/M_Spark.uasset" 475
"../../../AssignmentProject/Content/StarterContent/Particles/P_Sparks.uasset" 476
"../../../AssignmentProject/Content/StarterContent/Blueprints/Blueprint_Effect_Sparks.uasset" 477
"../../../AssignmentProject/Content/StarterContent/Audio/Steam01_Cue.uasset" 478
"../../../AssignmentProject/Content/StarterContent/Particles/P_Steam_Lit.uasset" 479
"../../../AssignmentProject/Content/StarterContent/Blueprints/Blueprint_Effect_Steam.uasset" 480
"../../../AssignmentProject/Content/StarterContent/Textures/T_Lamp_M.uasset" 481
"../../../AssignmentProject/Content/StarterContent/Textures/T_Lamp_N.uasset" 482
"../../../AssignmentProject/Content/StarterContent/Props/Materials/M_Lamp.uasset" 483
"../../../AssignmentProject/Content/StarterContent/Props/SM_Lamp_Ceiling.uasset" 484
"../../../AssignmentProject/Content/StarterContent/Blueprints/Blueprint_CeilingLight.uasset" 485
"../../../AssignmentProject/Content/StarterContent/Props/SM_Lamp_Wall.uasset" 486
"../../../AssignmentProject/Content/StarterContent/Blueprints/Blueprint_WallSconce.uasset" 487
"../../../AssignmentProject/Content/StarterContent/Maps/StarterMap_BuiltData.uasset" 488
"../../../Engine/Content/Functions/Engine_MaterialFunctions03/Procedurals/ComputeFilterWidth.uasset" 489
"../../../Engine/Content/EngineMaterials/AntiAliasedTextMaterialTranslucent.uasset" 490
"../../../AssignmentProject/Content/StarterContent/Textures/T_Brick_Clay_Old_D.uasset" 491
"../../../AssignmentProject/Content/StarterContent/Textures/T_Brick_Clay_Old_N.uasset" 492
"../../../AssignmentProject/Content/StarterContent/Textures/T_Perlin_Noise_M.uasset" 493
"../../../AssignmentProject/Content/StarterContent/Materials/M_Brick_Clay_Old.uasset" 494
"../../../AssignmentProject/Content/StarterContent/Textures/T_Brick_Cut_Stone_D.uasset" 495
"../../../AssignmentProject/Content/StarterContent/Textures/T_Brick_Cut_Stone_N.uasset" 496
"../../../AssignmentProject/Content/StarterContent/Materials/M_Brick_Cut_Stone.uasset" 497
"../../../AssignmentProject/Content/StarterContent/Textures/T_Brick_Hewn_Stone_D.uasset" 498
"../../../AssignmentProject/Content/StarterContent/Textures/T_Brick_Hewn_Stone_M.uasset" 499
"../../../AssignmentProject/Content/StarterContent/Textures/T_Brick_Hewn_Stone_N.uasset" 500
"../../../AssignmentProject/Content/StarterContent/Materials/M_Brick_Hewn_Stone.uasset" 501
"../../../AssignmentProject/Content/StarterContent/Textures/T_Ceramic_Tile_M.uasset" 502
"../../../AssignmentProject/Content/StarterContent/Textures/T_Ceramic_Tile_N.uasset" 503
"../../../AssignmentProject/Content/StarterContent/Textures/T_Rock_Marble_Polished_D.uasset" 504
"../../../AssignmentProject/Content/StarterContent/Materials/M_Ceramic_Tile_Checker.uasset" 505
"../../../AssignmentProject/Content/StarterContent/Textures/T_CobbleStone_Pebble_D.uasset" 506
"../../../AssignmentProject/Content/StarterContent/Textures/T_CobbleStone_Pebble_M.uasset" 507
"../../../AssignmentProject/Content/StarterContent/Textures/T_CobbleStone_Pebble_N.uasset" 508
"../../../AssignmentProject/Content/StarterContent/Materials/M_CobbleStone_Pebble.uasset" 509
"../../../AssignmentProject/Content/StarterContent/Textures/T_CobbleStone_Rough_D.uasset" 510
"../../../AssignmentProject/Content/StarterContent/Textures/T_CobbleStone_Rough_N.uasset" 511
"../../../AssignmentProject/Content/StarterContent/Textures/T_Gradinet_01.uasset" 512
"../../../AssignmentProject/Content/StarterContent/Textures/T_Rock_Smooth_Granite_D.uasset" 513
"../../../AssignmentProject/Content/StarterContent/Materials/M_CobbleStone_Rough.uasset" 514
"../../../AssignmentProject/Content/StarterContent/Textures/T_CobbleStone_Smooth_D.uasset" 515
"../../../AssignmentProject/Content/StarterContent/Textures/T_CobbleStone_Smooth_M.uasset" 516
"../../../AssignmentProject/Content/StarterContent/Textures/T_CobbleStone_Smooth_N.uasset" 517
"../../../AssignmentProject/Content/StarterContent/Materials/M_CobbleStone_Smooth.uasset" 518
"../../../AssignmentProject/Content/StarterContent/Textures/T_Concrete_Grime_D.uasset" 519
"../../../AssignmentProject/Content/StarterContent/Textures/T_Metal_Rust_N.uasset" 520
"../../../AssignmentProject/Content/StarterContent/Materials/M_Concrete_Grime.uasset" 521
"../../../AssignmentProject/Content/StarterContent/Textures/T_Concrete_Panels_D.uasset" 522
"../../../AssignmentProject/Content/StarterContent/Textures/T_Concrete_Panels_N.uasset" 523
"../../../AssignmentProject/Content/StarterContent/Materials/M_Concrete_Panels.uasset" 524
"../../../AssignmentProject/Content/StarterContent/Textures/T_Concrete_Poured_D.uasset" 525
"../../../AssignmentProject/Content/StarterContent/Textures/T_Concrete_Poured_N.uasset" 526
"../../../AssignmentProject/Content/StarterContent/Materials/M_Concrete_Poured.uasset" 527
"../../../AssignmentProject/Content/StarterContent/Textures/T_Concrete_Tiles_D.uasset" 528
"../../../AssignmentProject/Content/StarterContent/Textures/T_Concrete_Tiles_M.uasset" 529
"../../../AssignmentProject/Content/StarterContent/Textures/T_Concrete_Tiles_N.uasset" 530
"../../../AssignmentProject/Content/StarterContent/Textures/T_Concrete_Tiles_Variation_M.uasset" 531
"../../../AssignmentProject/Content/StarterContent/Materials/M_Concrete_Tiles.uasset" 532
"../../../AssignmentProject/Content/StarterContent/Textures/T_Ground_Grass_D.uasset" 533
"../../../AssignmentProject/Content/StarterContent/Textures/T_Ground_Grass_N.uasset" 534
"../../../AssignmentProject/Content/StarterContent/Materials/M_Ground_Grass.uasset" 535
"../../../AssignmentProject/Content/StarterContent/Textures/T_Ground_Gravel_D.uasset" 536
"../../../AssignmentProject/Content/StarterContent/Textures/T_Ground_Gravel_N.uasset" 537
"../../../AssignmentProject/Content/StarterContent/Materials/M_Ground_Gravel.uasset" 538
"../../../AssignmentProject/Content/StarterContent/Textures/T_ground_Moss_D.uasset" 539
"../../../AssignmentProject/Content/StarterContent/Textures/T_Ground_Moss_N.uasset" 540
"../../../AssignmentProject/Content/StarterContent/Materials/M_Ground_Moss.uasset" 541
"../../../AssignmentProject/Content/StarterContent/Textures/T_Metal_Gold_D.uasset" 542
"../../../AssignmentProject/Content/StarterContent/Materials/M_Metal_Gold.uasset" 543
"../../../AssignmentProject/Content/StarterContent/Textures/T_Metal_Rust_D.uasset" 544
"../../../AssignmentProject/Content/StarterContent/Materials/M_Metal_Rust.uasset" 545
"../../../AssignmentProject/Content/StarterContent/Textures/T_Metal_Steel_N.uasset" 546
"../../../AssignmentProject/Content/StarterContent/Materials/M_Metal_Steel.uasset" 547
"../../../AssignmentProject/Content/StarterContent/Textures/T_Rock_Basalt_N.uasset" 548
"../../../AssignmentProject/Content/StarterContent/Materials/M_Rock_Basalt.uasset" 549
"../../../AssignmentProject/Content/StarterContent/Materials/M_Rock_Marble_Polished.uasset" 550
"../../../AssignmentProject/Content/StarterContent/Textures/T_Rock_Sandstone_D.uasset" 551
"../../../AssignmentProject/Content/StarterContent/Textures/T_Rock_Sandstone_N.uasset" 552
"../../../AssignmentProject/Content/StarterContent/Materials/M_Rock_Sandstone.uasset" 553
"../../../AssignmentProject/Content/StarterContent/Textures/T_Rock_Slate_D.uasset" 554
"../../../AssignmentProject/Content/StarterContent/Textures/T_Rock_Slate_N.uasset" 555
"../../../AssignmentProject/Content/StarterContent/Materials/M_Rock_Slate.uasset" 556
"../../../AssignmentProject/Content/StarterContent/Materials/M_Water_Lake.uasset" 557
"../../../AssignmentProject/Content/StarterContent/Textures/T_Water_M.uasset" 558
"../../../AssignmentProject/Content/StarterContent/Materials/M_Water_Ocean.uasset" 559
"../../../AssignmentProject/Content/StarterContent/Textures/T_Wood_Floor_Walnut_D.uasset" 560
"../../../AssignmentProject/Content/StarterContent/Textures/T_Wood_Floor_Walnut_M.uasset" 561
"../../../AssignmentProject/Content/StarterContent/Textures/T_Wood_Floor_Walnut_N.uasset" 562
"../../../AssignmentProject/Content/StarterContent/Materials/M_Wood_Floor_Walnut_Polished.uasset" 563
"../../../Engine/Content/Functions/Engine_MaterialFunctions01/Opacity/AlphaOffset.uasset" 564
"../../../AssignmentProject/Content/StarterContent/Materials/M_Wood_Floor_Walnut_Worn.uasset" 565
"../../../AssignmentProject/Content/StarterContent/Textures/T_Wood_Oak_D.uasset" 566
"../../../AssignmentProject/Content/StarterContent/Textures/T_Wood_Oak_N.uasset" 567
"../../../AssignmentProject/Content/StarterContent/Materials/M_Wood_Oak.uasset" 568
"../../../AssignmentProject/Content/StarterContent/Textures/T_Wood_Pine_D.uasset" 569
"../../../AssignmentProject/Content/StarterContent/Textures/T_Wood_Pine_N.uasset" 570
"../../../AssignmentProject/Content/StarterContent/Materials/M_Wood_Pine.uasset" 571
"../../../AssignmentProject/Content/StarterContent/Textures/T_Wood_Walnut_D.uasset" 572
"../../../AssignmentProject/Content/StarterContent/Textures/T_Wood_Walnut_N.uasset" 573
"../../../AssignmentProject/Content/StarterContent/Materials/M_Wood_Walnut.uasset" 574
"../../../AssignmentProject/Content/StarterContent/Architecture/Wall_400x200.uasset" 575
"../../../AssignmentProject/Content/StarterContent/Architecture/Wall_Window_400x300.uasset" 576
"../../../AssignmentProject/Content/StarterContent/Audio/Collapse_Cue.uasset" 577
"../../../AssignmentProject/Content/StarterContent/Audio/Starter_Music_Cue.uasset" 578
"../../../AssignmentProject/Content/StarterContent/Textures/T_Dust_Particle_D.uasset" 579
"../../../AssignmentProject/Content/StarterContent/Particles/Materials/M_Dust_Particle.uasset" 580
"../../../AssignmentProject/Content/StarterContent/Particles/P_Ambient_Dust.uasset" 581
"../../../AssignmentProject/Content/StarterContent/Props/MaterialSphere.uasset" 582
"../../../AssignmentProject/Content/StarterContent/Props/SM_CornerFrame.uasset" 583
"../../../AssignmentProject/Content/StarterContent/Props/SM_GlassWindow.uasset" 584
"../../../AssignmentProject/Content/StarterContent/Props/SM_PillarFrame.uasset" 585
"../../../AssignmentProject/Content/StarterContent/Props/SM_WindowFrame.uasset" 586
"../../../AssignmentProject/Content/StarterContent/Shapes/Shape_Cube.uasset" 587
"../../../AssignmentProject/Content/StarterContent/Shapes/Shape_QuadPyramid.uasset" 588
"../../../AssignmentProject/Content/StarterContent/Shapes/Shape_Sphere.uasset" 589
"../../../AssignmentProject/Content/StarterContent/Maps/StarterMap.umap" 590
"../../../Engine/Content/Maps/Entry.umap" 591
